<?xml version="1.0" encoding="UTF-8"?>
<!-- Generated by org.testng.reporters.JUnitXMLReporter -->
<testsuite ignored="0" hostname="DESKTOP-EVAGC75" failures="0" tests="3" name="Default test" time="35.216" errors="0" timestamp="2022-09-23T11:43:53 IST">
  <testcase classname="Trello_Main.Trello_Main" name="login" time="9.534"/>
  <testcase classname="Trello_Main.Trello_Main" name="desh" time="13.916"/>
  <testcase classname="Trello_Main.Trello_Main" name="Board" time="6.184"/>
</testsuite> <!-- Default test -->
