<?xml version="1.0" encoding="UTF-8"?>
<testng-results ignored="0" total="3" passed="3" failed="0" skipped="0">
  <reporter-output>
  </reporter-output>
  <suite started-at="2022-09-23T11:43:18 IST" name="Default suite" finished-at="2022-09-23T11:43:53 IST" duration-ms="35216">
    <groups>
    </groups>
    <test started-at="2022-09-23T11:43:18 IST" name="Default test" finished-at="2022-09-23T11:43:53 IST" duration-ms="35216">
      <class name="Trello_Main.Trello_Main">
        <test-method is-config="true" signature="Setup()[pri:0, instance:Trello_Main.Trello_Main@7334aada]" started-at="2022-09-23T11:43:18 IST" name="Setup" finished-at="2022-09-23T11:43:21 IST" duration-ms="2720" status="PASS">
          <reporter-output>
          </reporter-output>
        </test-method> <!-- Setup -->
        <test-method signature="login()[pri:0, instance:Trello_Main.Trello_Main@7334aada]" started-at="2022-09-23T11:43:21 IST" name="login" finished-at="2022-09-23T11:43:31 IST" duration-ms="9534" status="PASS">
          <reporter-output>
          </reporter-output>
        </test-method> <!-- login -->
        <test-method signature="desh()[pri:1, instance:Trello_Main.Trello_Main@7334aada]" started-at="2022-09-23T11:43:31 IST" name="desh" finished-at="2022-09-23T11:43:44 IST" duration-ms="13916" status="PASS">
          <reporter-output>
          </reporter-output>
        </test-method> <!-- desh -->
        <test-method signature="Board()[pri:2, instance:Trello_Main.Trello_Main@7334aada]" started-at="2022-09-23T11:43:44 IST" name="Board" finished-at="2022-09-23T11:43:51 IST" duration-ms="6184" status="PASS">
          <reporter-output>
          </reporter-output>
        </test-method> <!-- Board -->
        <test-method is-config="true" signature="logout()[pri:0, instance:Trello_Main.Trello_Main@7334aada]" started-at="2022-09-23T11:43:51 IST" name="logout" finished-at="2022-09-23T11:43:53 IST" duration-ms="2794" status="PASS">
          <reporter-output>
          </reporter-output>
        </test-method> <!-- logout -->
      </class> <!-- Trello_Main.Trello_Main -->
    </test> <!-- Default test -->
  </suite> <!-- Default suite -->
</testng-results>
